<?xml version="1.0" encoding="UTF-8"?>
<!-- Generated by org.testng.reporters.JUnitReportReporter -->
<testsuite name="com.test.TestUI.UI.TC003_LoginTest3_WrongEmailId_Password" tests="1" time="1.453" ignored="0" failures="0" timestamp="16 Jan 2019 18:39:47 GMT" skipped="0" hostname="Simran-PC" errors="0">
  <testcase name="loginTest3_WrongEmailId_Password" time="1.453" classname="com.test.TestUI.UI.TC003_LoginTest3_WrongEmailId_Password"/>
</testsuite> <!-- com.test.TestUI.UI.TC003_LoginTest3_WrongEmailId_Password -->
