<?xml version="1.0" encoding="UTF-8"?>
<!-- Generated by org.testng.reporters.JUnitReportReporter -->
<testsuite name="com.test.TestUI.UI.TC002_LoginTest2_WrongEmailId" tests="1" time="1.599" ignored="0" failures="0" timestamp="16 Jan 2019 18:39:47 GMT" skipped="0" hostname="Simran-PC" errors="0">
  <testcase name="loginTest2_WrongEmailId" time="1.599" classname="com.test.TestUI.UI.TC002_LoginTest2_WrongEmailId"/>
</testsuite> <!-- com.test.TestUI.UI.TC002_LoginTest2_WrongEmailId -->
