<?xml version="1.0" encoding="UTF-8"?>
<!-- Generated by org.testng.reporters.JUnitReportReporter -->
<testsuite name="com.test.TestUI.UI.TC004_LoginTest4_LoginSuccess" tests="1" time="0.951" ignored="0" failures="0" timestamp="16 Jan 2019 18:39:47 GMT" skipped="0" hostname="Simran-PC" errors="0">
  <testcase name="loginTest4_LoginSuccess" time="0.951" classname="com.test.TestUI.UI.TC004_LoginTest4_LoginSuccess"/>
</testsuite> <!-- com.test.TestUI.UI.TC004_LoginTest4_LoginSuccess -->
